Query: Only 10-30% of USAID funds reach actual aid efforts\u2014where does the rest go? #TransparencyInAid

Results:

1. Score: 0.5644
Rating: False
Text: Looking at “American aid to other countries … the vast majority of it is military aid.”

2. Score: 0.5473
Rating: True
Text: In late September 2020, the U.S. Department of Agriculture distributed millions of federally funded aid boxes that included a letter from President Donald Trump crediting his administration for their distribution.

3. Score: 0.5456
Rating: False
Text: There are “$6,400 in funds for every American to claim.”

4. Score: 0.5410
Rating: False
Text: President Donald Trump “immediately discontinued” an aid program to Central America.

5. Score: 0.5400
Rating: False
Text: The U.S. Agency for International Development (USAID) provided over $8 million in funding to the news and policy media company Politico LLC.

Query: From the U.S. Agency for International Development funding

Results:

1. Score: 0.6571
Rating: False
Text: The U.S. Agency for International Development (USAID) provided over $8 million in funding to the news and policy media company Politico LLC.

2. Score: 0.6165
Rating: False
Text: From the U.S. Agency for International Development funding, “10 to 30 cents on the dollar is what actually goes to aid.”

3. Score: 0.5978
Rating: True
Text: "Most U.S. foreign assistance ... is given to U.S. companies and nonprofits in the form of contracts and grants."

4. Score: 0.5563
Rating: False
Text: Every dollar of foreign aid for agricultural research "will bring $4 in trade with the countries and the United States ... generating employment back in the U.S."

5. Score: 0.5307
Rating: True
Text: "USAID put $8 billion up and attracted more than $45 billion in a public-private partnership called Power Africa."

Query: Only 10-30% of USAID funding actually reaches aid programs

Results:

1. Score: 0.6062
Rating: False
Text: Looking at “American aid to other countries … the vast majority of it is military aid.”

2. Score: 0.5720
Rating: False
Text: Says COVID-19 relief bill “provides more funding to foreign governments and to American arts centers, than to the American people.”

3. Score: 0.5659
Rating: False
Text: Only 9% of the $1.9 trillion American Rescue Plan is related to COVID-19 relief.

4. Score: 0.5628
Rating: False
Text: The U.S. Agency for International Development (USAID) provided over $8 million in funding to the news and policy media company Politico LLC.

5. Score: 0.5480
Rating: True
Text: "Surveys show that many of our citizens think we devote a full quarter or even a third of our federal budget to foreign aid."

Query: Breaking news: The pilot of the Blackhawk helicopter that tragically collided with a passenger jet at Reagan National Airport was transgender woman Jo Ellis.

Results:

1. Score: 0.9044
Rating: False
Text: “Pilot of Blackhawk helicopter that crashed into passenger jet at Reagan National was a transgender woman named Jo Ellis.”

2. Score: 0.8005
Rating: False
Text: Jo Ellis, a trans woman, was piloting the Black Hawk helicopter that collided with an American Airlines passenger jet near Washington, D.C., on Jan. 29, 2025.

3. Score: 0.7514
Rating: False
Text: Transgender pilot was flying Black Hawk helicopter that crashed

Query: Sad day for everyone.
No results found above the threshold.

Query: Samantha Power saw her fortune skyrocket from $6.7 million

Results:

1. Score: 0.7998
Rating: False
Text: Former USAID Administrator Samantha Power’s net worth “skyrocketed” from $6.7 million to $30 million in three years.

2. Score: 0.5357
Rating: False
Text: "In 2010, Maxine Waters steered $12 million in TARP funds to her husband’s private bank account. She was indicted but served no time."

3. Score: 0.5349
Rating: False
Text: Kathy Manning got "$30 million of your tax dollars plus $2.3 million a year" to build a luxury hotel and parking lot

4. Score: 0.5042
Rating: False
Text: Donald Trump paid Sarah Palin $10 million for her endorsement.

Query: Samantha Power

Results:

1. Score: 0.5762
Rating: False
Text: Former USAID Administrator Samantha Power’s net worth “skyrocketed” from $6.7 million to $30 million in three years.